<?xml version="1.0" encoding="UTF-8"?>
<!-- Generated by org.testng.reporters.JUnitXMLReporter -->
<testsuite ignored="26" hostname="UNVII" failures="1" tests="1" name="check on view All button is workable" time="38.76" errors="0" timestamp="2025-08-05T12:25:58 IST">
  <testcase classname="Foursidesplay.TestCase" name="viewAllTest" time="34.78">
    <failure type="org.openqa.selenium.TimeoutException" message="Expected condition failed: waiting for visibility of element located by By.xpath: //div[contains(@class,&amp;apos;view-list&amp;apos;)] (tried for 10 second(s) with 500 milliseconds interval)
Build info: version: &amp;apos;4.33.0&amp;apos;, revision: &amp;apos;2c6aaad03a&amp;apos;
System info: os.name: &amp;apos;Windows 11&amp;apos;, os.arch: &amp;apos;amd64&amp;apos;, os.version: &amp;apos;10.0&amp;apos;, java.version: &amp;apos;23.0.1&amp;apos;
Driver info: org.openqa.selenium.chrome.ChromeDriver
Capabilities {acceptInsecureCerts: false, browserName: chrome, browserVersion: 138.0.7204.169, chrome: {chromedriverVersion: 138.0.7204.183 (e90faf484dd..., userDataDir: C:\Users\Yash\AppData\Local...}, fedcm:accounts: true, goog:chromeOptions: {debuggerAddress: localhost:65448}, networkConnectionEnabled: false, pageLoadStrategy: normal, platformName: windows, proxy: Proxy(), se:cdp: ws://localhost:65448/devtoo..., se:cdpVersion: 138.0.7204.169, setWindowRect: true, strictFileInteractability: false, timeouts: {implicit: 0, pageLoad: 300000, script: 30000}, unhandledPromptBehavior: dismiss and notify, webauthn:extension:credBlob: true, webauthn:extension:largeBlob: true, webauthn:extension:minPinLength: true, webauthn:extension:prf: true, webauthn:virtualAuthenticators: true}
Session ID: c3d16b06120a7ed562ebc3cdc2668d47">
      <![CDATA[org.openqa.selenium.TimeoutException: Expected condition failed: waiting for visibility of element located by By.xpath: //div[contains(@class,'view-list')] (tried for 10 second(s) with 500 milliseconds interval)
Build info: version: '4.33.0', revision: '2c6aaad03a'
System info: os.name: 'Windows 11', os.arch: 'amd64', os.version: '10.0', java.version: '23.0.1'
Driver info: org.openqa.selenium.chrome.ChromeDriver
Capabilities {acceptInsecureCerts: false, browserName: chrome, browserVersion: 138.0.7204.169, chrome: {chromedriverVersion: 138.0.7204.183 (e90faf484dd..., userDataDir: C:\Users\Yash\AppData\Local...}, fedcm:accounts: true, goog:chromeOptions: {debuggerAddress: localhost:65448}, networkConnectionEnabled: false, pageLoadStrategy: normal, platformName: windows, proxy: Proxy(), se:cdp: ws://localhost:65448/devtoo..., se:cdpVersion: 138.0.7204.169, setWindowRect: true, strictFileInteractability: false, timeouts: {implicit: 0, pageLoad: 300000, script: 30000}, unhandledPromptBehavior: dismiss and notify, webauthn:extension:credBlob: true, webauthn:extension:largeBlob: true, webauthn:extension:minPinLength: true, webauthn:extension:prf: true, webauthn:virtualAuthenticators: true}
Session ID: c3d16b06120a7ed562ebc3cdc2668d47
at org.openqa.selenium.support.ui.WebDriverWait.timeoutException(WebDriverWait.java:84)
at org.openqa.selenium.support.ui.FluentWait.until(FluentWait.java:228)
at Foursidesplay.TestCase.viewAllTest(TestCase.java:478)
at java.base/java.util.ArrayList.forEach(ArrayList.java:1597)
at java.base/java.util.concurrent.FutureTask.run(FutureTask.java:317)
at java.base/java.util.concurrent.ThreadPoolExecutor.runWorker(ThreadPoolExecutor.java:1144)
at java.base/java.util.concurrent.ThreadPoolExecutor$Worker.run(ThreadPoolExecutor.java:642)
at java.base/java.lang.Thread.run(Thread.java:1575)
... Removed 15 stack frames]]>
    </failure>
  </testcase> <!-- viewAllTest -->
  <testcase classname="Foursidesplay.TestCase" name="check_SubscriptionisVisible" time="0.0">
    <ignored/>
  </testcase> <!-- check_SubscriptionisVisible -->
  <testcase classname="Foursidesplay.TestCase" name="Banner_is_visible" time="0.0">
    <ignored/>
  </testcase> <!-- Banner_is_visible -->
  <testcase classname="Foursidesplay.TestCase" name="checkUserBuySubscription" time="0.0">
    <ignored/>
  </testcase> <!-- checkUserBuySubscription -->
  <testcase classname="Foursidesplay.TestCase" name="Extractallthevideoname" time="0.0">
    <ignored/>
  </testcase> <!-- Extractallthevideoname -->
  <testcase classname="Foursidesplay.TestCase" name="updateProfileTest" time="0.0">
    <ignored/>
  </testcase> <!-- updateProfileTest -->
  <testcase classname="Foursidesplay.TestCase" name="buyRentVideoTest" time="0.0">
    <ignored/>
  </testcase> <!-- buyRentVideoTest -->
  <testcase classname="Foursidesplay.TestCase" name="filterButtonClickTest" time="0.0">
    <ignored/>
  </testcase> <!-- filterButtonClickTest -->
  <testcase classname="Foursidesplay.TestCase" name="verifyPopupIsVisibleuserBuysubscription" time="0.0">
    <ignored/>
  </testcase> <!-- verifyPopupIsVisibleuserBuysubscription -->
  <testcase classname="Foursidesplay.TestCase" name="logoutTest" time="0.0">
    <ignored/>
  </testcase> <!-- logoutTest -->
  <testcase classname="Foursidesplay.TestCase" name="loginWithMailTest" time="0.0">
    <ignored/>
  </testcase> <!-- loginWithMailTest -->
  <testcase classname="Foursidesplay.TestCase" name="filterValuesTest" time="0.0">
    <ignored/>
  </testcase> <!-- filterValuesTest -->
  <testcase classname="Foursidesplay.TestCase" name="checkRelatedvideo" time="0.0">
    <ignored/>
  </testcase> <!-- checkRelatedvideo -->
  <testcase classname="Foursidesplay.TestCase" name="withoutLoginSubscriptionButtonisVisible" time="0.0">
    <ignored/>
  </testcase> <!-- withoutLoginSubscriptionButtonisVisible -->
  <testcase classname="Foursidesplay.TestCase" name="playStoreButtonTest" time="0.0">
    <ignored/>
  </testcase> <!-- playStoreButtonTest -->
  <testcase classname="Foursidesplay.TestCase" name="watchlist" time="0.0">
    <ignored/>
  </testcase> <!-- watchlist -->
  <testcase classname="Foursidesplay.TestCase" name="verifyCurrentUrlTest" time="0.0">
    <ignored/>
  </testcase> <!-- verifyCurrentUrlTest -->
  <testcase classname="Foursidesplay.TestCase" name="verifyurl" time="0.0">
    <ignored/>
  </testcase> <!-- verifyurl -->
  <testcase classname="Foursidesplay.TestCase" name="loginWithPhoneNumber" time="0.0">
    <ignored/>
  </testcase> <!-- loginWithPhoneNumber -->
  <testcase classname="Foursidesplay.TestCase" name="countTotalVideosWithNames" time="0.0">
    <ignored/>
  </testcase> <!-- countTotalVideosWithNames -->
  <testcase classname="Foursidesplay.TestCase" name="searchVideoTest" time="0.0">
    <ignored/>
  </testcase> <!-- searchVideoTest -->
  <testcase classname="Foursidesplay.TestCase" name="checkTagname" time="0.0">
    <ignored/>
  </testcase> <!-- checkTagname -->
  <testcase classname="Foursidesplay.TestCase" name="playVideoTest" time="0.0">
    <ignored/>
  </testcase> <!-- playVideoTest -->
  <testcase classname="Foursidesplay.TestCase" name="wrongOtpLoginTest" time="0.0">
    <ignored/>
  </testcase> <!-- wrongOtpLoginTest -->
  <testcase classname="Foursidesplay.TestCase" name="subscription" time="0.0">
    <ignored/>
  </testcase> <!-- subscription -->
  <testcase classname="Foursidesplay.TestCase" name="detailedPageWithoutLoginTest" time="0.0">
    <ignored/>
  </testcase> <!-- detailedPageWithoutLoginTest -->
  <testcase classname="Foursidesplay.TestCase" name="footerTermsAndConditionsTest" time="0.0">
    <ignored/>
  </testcase> <!-- footerTermsAndConditionsTest -->
</testsuite> <!-- check on view All button is workable -->
